<?xml version="1.0" encoding="UTF-8"?>
<testng-results ignored="0" total="1" passed="1" failed="0" skipped="0">
  <reporter-output>
  </reporter-output>
  <suite started-at="2020-05-29T05:58:17Z" name="Default suite" finished-at="2020-05-29T05:58:29Z" duration-ms="12197">
    <groups>
    </groups>
    <test started-at="2020-05-29T05:58:17Z" name="Default test" finished-at="2020-05-29T05:58:29Z" duration-ms="12197">
      <class name="com.qa.keyword.test.LoginTest">
        <test-method signature="logintest()[pri:0, instance:com.qa.keyword.test.LoginTest@6cd28fa7]" started-at="2020-05-29T05:58:17Z" name="logintest" finished-at="2020-05-29T05:58:29Z" duration-ms="12157" status="PASS">
          <reporter-output>
          </reporter-output>
        </test-method> <!-- logintest -->
      </class> <!-- com.qa.keyword.test.LoginTest -->
    </test> <!-- Default test -->
  </suite> <!-- Default suite -->
</testng-results>
